2024-12-19 21:16:39,389 - INFO - 视频处理器初始化完成
2024-12-19 21:16:40,937 - INFO - 开始处理视频: D:\video_processor\downloads\11_沟通状态的权利模式（平等、共识）.mp4
2024-12-19 21:16:40,938 - INFO - 开始转换视频到MP3: D:\video_processor\downloads\11_沟通状态的权利模式（平等、共识）.mp4
2024-12-19 21:16:40,938 - INFO - 目标MP3路径: mp3\11_沟通状态的权利模式（平等、共识）.mp3
2024-12-19 21:16:50,998 - INFO - 成功读取视频文件
2024-12-19 21:17:35,910 - INFO - 成功导出MP3文件
2024-12-19 21:17:35,911 - INFO - 视频转换为MP3成功: mp3\11_沟通状态的权利模式（平等、共识）.mp3
2024-12-19 21:17:35,962 - INFO - 视频已转换为MP3: mp3\11_沟通状态的权利模式（平等、共识）.mp3
2024-12-19 21:17:35,963 - INFO - 开始语音识别...
2024-12-19 21:17:35,964 - INFO - 开始使用Whisper处理音频: mp3\11_沟通状态的权利模式（平等、共识）.mp3
2024-12-19 21:23:36,897 - INFO - Whisper处理完成
2024-12-19 21:23:36,899 - INFO - 语音识别完成
2024-12-19 21:31:13,478 - INFO - 视频处理器初始化完成
2024-12-19 21:31:14,908 - INFO - 开始处理视频: D:\video_processor\downloads\11_沟通状态的权利模式（平等、共识）.mp4
2024-12-19 21:31:14,909 - INFO - MP3文件已存在: mp3\11_沟通状态的权利模式（平等、共识）.mp3
2024-12-19 21:31:14,910 - INFO - 视频已转换为MP3: mp3\11_沟通状态的权利模式（平等、共识）.mp3
2024-12-19 21:31:14,910 - INFO - 开始语音识别...
2024-12-19 21:31:14,911 - INFO - 开始使用Whisper处理音频: mp3\11_沟通状态的权利模式（平等、共识）.mp3
2024-12-19 21:59:40,335 - INFO - 视频处理器初始化完成
2024-12-19 21:59:41,900 - INFO - 开始处理视频: downloads\3_公式二：那要不这样吧.mp4
2024-12-19 21:59:41,901 - INFO - 开始转换视频到MP3: downloads\3_公式二：那要不这样吧.mp4
2024-12-19 21:59:41,901 - INFO - 目标MP3路径: mp3\3_公式二：那要不这样吧.mp3
2024-12-19 21:59:46,565 - INFO - 成功读取视频文件
2024-12-19 22:00:08,667 - INFO - 成功导出MP3文件
2024-12-19 22:00:08,668 - INFO - 视频转换为MP3成功: mp3\3_公式二：那要不这样吧.mp3
2024-12-19 22:00:08,699 - INFO - 视频已转换为MP3: mp3\3_公式二：那要不这样吧.mp3
2024-12-19 22:00:08,700 - INFO - 开始语音识别...
2024-12-19 22:00:08,700 - INFO - 开始使用Whisper处理音频: mp3\3_公式二：那要不这样吧.mp3
2024-12-19 22:03:35,287 - INFO - Whisper处理完成
2024-12-19 22:03:35,288 - INFO - 语音识别完成
2024-12-19 22:03:35,729 - INFO - 转录结果已保存到Excel: output\transcripts.xlsx
2024-12-19 22:03:35,731 - INFO - 转录文本已保存到: output\transcripts\3_公式二：那要不这样吧.txt
2024-12-19 22:03:35,733 - INFO - 开始处理视频: downloads\4_公式三：语气词+重复性疑问+鼓励谈更多信息.mp4
2024-12-19 22:03:35,734 - INFO - 开始转换视频到MP3: downloads\4_公式三：语气词+重复性疑问+鼓励谈更多信息.mp4
2024-12-19 22:03:35,734 - INFO - 目标MP3路径: mp3\4_公式三：语气词+重复性疑问+鼓励谈更多信息.mp3
2024-12-19 22:03:38,629 - INFO - 成功读取视频文件
2024-12-19 22:03:51,384 - INFO - 成功导出MP3文件
2024-12-19 22:03:51,385 - INFO - 视频转换为MP3成功: mp3\4_公式三：语气词+重复性疑问+鼓励谈更多信息.mp3
2024-12-19 22:03:51,399 - INFO - 视频已转换为MP3: mp3\4_公式三：语气词+重复性疑问+鼓励谈更多信息.mp3
2024-12-19 22:03:51,400 - INFO - 开始语音识别...
2024-12-19 22:03:51,400 - INFO - 开始使用Whisper处理音频: mp3\4_公式三：语气词+重复性疑问+鼓励谈更多信息.mp3
2024-12-19 22:05:52,619 - INFO - Whisper处理完成
2024-12-19 22:05:52,620 - INFO - 语音识别完成
2024-12-19 22:05:52,658 - INFO - 转录结果已保存到Excel: output\transcripts.xlsx
2024-12-19 22:05:52,659 - INFO - 转录文本已保存到: output\transcripts\4_公式三：语气词+重复性疑问+鼓励谈更多信息.txt
2024-12-19 22:05:52,661 - INFO - 开始处理视频: downloads\5_公式四：额外信息+问题.mp4
2024-12-19 22:05:52,661 - INFO - 开始转换视频到MP3: downloads\5_公式四：额外信息+问题.mp4
2024-12-19 22:05:52,662 - INFO - 目标MP3路径: mp3\5_公式四：额外信息+问题.mp3
2024-12-19 22:05:55,419 - INFO - 成功读取视频文件
2024-12-19 22:06:04,948 - INFO - 成功导出MP3文件
2024-12-19 22:06:04,948 - INFO - 视频转换为MP3成功: mp3\5_公式四：额外信息+问题.mp3
2024-12-19 22:06:04,958 - INFO - 视频已转换为MP3: mp3\5_公式四：额外信息+问题.mp3
2024-12-19 22:06:04,958 - INFO - 开始语音识别...
2024-12-19 22:06:04,959 - INFO - 开始使用Whisper处理音频: mp3\5_公式四：额外信息+问题.mp3
2024-12-19 22:07:19,475 - INFO - Whisper处理完成
2024-12-19 22:07:19,475 - INFO - 语音识别完成
2024-12-19 22:07:19,529 - INFO - 转录结果已保存到Excel: output\transcripts.xlsx
2024-12-19 22:07:19,530 - INFO - 转录文本已保存到: output\transcripts\5_公式四：额外信息+问题.txt
2024-12-19 22:07:19,531 - INFO - 开始处理视频: downloads\6_公式五：说的对，我的确经常xxxxx.mp4
2024-12-19 22:07:19,532 - INFO - 开始转换视频到MP3: downloads\6_公式五：说的对，我的确经常xxxxx.mp4
2024-12-19 22:07:19,532 - INFO - 目标MP3路径: mp3\6_公式五：说的对，我的确经常xxxxx.mp3
2024-12-19 22:07:22,496 - INFO - 成功读取视频文件
2024-12-19 22:07:35,390 - INFO - 成功导出MP3文件
2024-12-19 22:07:35,391 - INFO - 视频转换为MP3成功: mp3\6_公式五：说的对，我的确经常xxxxx.mp3
2024-12-19 22:07:35,405 - INFO - 视频已转换为MP3: mp3\6_公式五：说的对，我的确经常xxxxx.mp3
2024-12-19 22:07:35,405 - INFO - 开始语音识别...
2024-12-19 22:07:35,406 - INFO - 开始使用Whisper处理音频: mp3\6_公式五：说的对，我的确经常xxxxx.mp3
2024-12-19 22:09:24,372 - INFO - Whisper处理完成
2024-12-19 22:09:24,373 - INFO - 语音识别完成
2024-12-19 22:09:24,420 - INFO - 转录结果已保存到Excel: output\transcripts.xlsx
2024-12-19 22:09:24,421 - INFO - 转录文本已保存到: output\transcripts\6_公式五：说的对，我的确经常xxxxx.txt
2024-12-19 22:09:24,422 - INFO - 开始处理视频: downloads\7_公式六：除了xxxx，还有什么问题么.mp4
2024-12-19 22:09:24,423 - INFO - 开始转换视频到MP3: downloads\7_公式六：除了xxxx，还有什么问题么.mp4
2024-12-19 22:09:24,423 - INFO - 目标MP3路径: mp3\7_公式六：除了xxxx，还有什么问题么.mp3
2024-12-19 22:09:26,465 - INFO - 成功读取视频文件
2024-12-19 22:09:32,344 - INFO - 成功导出MP3文件
2024-12-19 22:09:32,346 - INFO - 视频转换为MP3成功: mp3\7_公式六：除了xxxx，还有什么问题么.mp3
2024-12-19 22:09:32,353 - INFO - 视频已转换为MP3: mp3\7_公式六：除了xxxx，还有什么问题么.mp3
2024-12-19 22:09:32,353 - INFO - 开始语音识别...
2024-12-19 22:09:32,354 - INFO - 开始使用Whisper处理音频: mp3\7_公式六：除了xxxx，还有什么问题么.mp3
2024-12-19 22:10:38,542 - INFO - Whisper处理完成
2024-12-19 22:10:38,543 - INFO - 语音识别完成
2024-12-19 22:10:38,596 - INFO - 转录结果已保存到Excel: output\transcripts.xlsx
2024-12-19 22:10:38,597 - INFO - 转录文本已保存到: output\transcripts\7_公式六：除了xxxx，还有什么问题么.txt
